Build started 2/16/2015 1:26:58 PM.
     1>Project "C:\Users\L532\Desktop\Lab11_143426C_QuenRyuGuileTuraFiguracion\Application3\Application3.vcxproj" on node 2 (build target(s)).
     1>InitializeBuildStatus:
         Creating "Debug\Application3.unsuccessfulbuild" because "AlwaysCreate" was specified.
       ClCompile:
         c:\Program Files (x86)\Microsoft Visual Studio 10.0\VC\bin\CL.exe /c /IC:\Users\L532\Desktop\Lab11_143426C_QuenRyuGuileTuraFiguracion\\Common\Source /IC:\Users\L532\Desktop\Lab11_143426C_QuenRyuGuileTuraFiguracion\\glfw\include /IC:\Users\L532\Desktop\Lab11_143426C_QuenRyuGuileTuraFiguracion\\glew\include /ZI /nologo /W3 /WX- /Od /Oy- /D WIN32 /D _DEBUG /D _CONSOLE /D _LIB /D _UNICODE /D UNICODE /Gm /EHsc /RTC1 /MDd /GS /fp:precise /Zc:wchar_t /Zc:forScope /Fo"Debug\\" /Fd"Debug\vc100.pdb" /Gd /TP /analyze- /errorReport:prompt Source\SceneText.cpp
         SceneText.cpp
     1>c:\users\l532\desktop\lab11_143426c_quenryuguileturafiguracion\application3\source\scenetext.cpp(225): warning C4244: 'argument' : conversion from 'double' to 'float', possible loss of data
     1>c:\users\l532\desktop\lab11_143426c_quenryuguileturafiguracion\application3\source\scenetext.cpp(235): warning C4244: 'argument' : conversion from 'double' to 'float', possible loss of data
     1>c:\users\l532\desktop\lab11_143426c_quenryuguileturafiguracion\application3\source\scenetext.cpp(245): warning C4244: 'argument' : conversion from 'double' to 'float', possible loss of data
     1>c:\users\l532\desktop\lab11_143426c_quenryuguileturafiguracion\application3\source\scenetext.cpp(255): warning C4244: 'argument' : conversion from 'double' to 'float', possible loss of data
     1>c:\users\l532\desktop\lab11_143426c_quenryuguileturafiguracion\application3\source\scenetext.cpp(387): warning C4305: 'argument' : truncation from 'double' to 'float'
     1>c:\users\l532\desktop\lab11_143426c_quenryuguileturafiguracion\application3\source\scenetext.cpp(395): warning C4305: 'argument' : truncation from 'double' to 'float'
     1>c:\users\l532\desktop\lab11_143426c_quenryuguileturafiguracion\application3\source\scenetext.cpp(403): warning C4305: 'argument' : truncation from 'double' to 'float'
     1>c:\users\l532\desktop\lab11_143426c_quenryuguileturafiguracion\application3\source\scenetext.cpp(412): warning C4305: 'argument' : truncation from 'double' to 'float'
     1>c:\users\l532\desktop\lab11_143426c_quenryuguileturafiguracion\application3\source\scenetext.cpp(421): warning C4305: 'argument' : truncation from 'double' to 'float'
     1>c:\users\l532\desktop\lab11_143426c_quenryuguileturafiguracion\application3\source\scenetext.cpp(429): warning C4305: 'argument' : truncation from 'double' to 'float'
       ManifestResourceCompile:
         All outputs are up-to-date.
       Link:
         c:\Program Files (x86)\Microsoft Visual Studio 10.0\VC\bin\link.exe /ERRORREPORT:PROMPT /OUT:"C:\Users\L532\Desktop\Lab11_143426C_QuenRyuGuileTuraFiguracion\Debug\Application3.exe" /INCREMENTAL /NOLOGO /LIBPATH:C:\Users\L532\Desktop\Lab11_143426C_QuenRyuGuileTuraFiguracion\Debug /LIBPATH:"C:\Users\L532\Desktop\Lab11_143426C_QuenRyuGuileTuraFiguracion\\glfw\lib-msvc100" /LIBPATH:C:\Users\L532\Desktop\Lab11_143426C_QuenRyuGuileTuraFiguracion\\glew\lib glew32.lib glfw3.lib opengl32.lib winmm.lib Common.lib kernel32.lib user32.lib gdi32.lib winspool.lib comdlg32.lib advapi32.lib shell32.lib ole32.lib oleaut32.lib uuid.lib odbc32.lib odbccp32.lib /MANIFEST /ManifestFile:"Debug\Application3.exe.intermediate.manifest" /MANIFESTUAC:"level='asInvoker' uiAccess='false'" /DEBUG /PDB:"C:\Users\L532\Desktop\Lab11_143426C_QuenRyuGuileTuraFiguracion\Debug\Application3.pdb" /SUBSYSTEM:CONSOLE /TLBID:1 /DYNAMICBASE /NXCOMPAT /IMPLIB:"C:\Users\L532\Desktop\Lab11_143426C_QuenRyuGuileTuraFiguracion\Debug\Application3.lib" /MACHINE:X86 Debug\Application3.exe.embed.manifest.res
         Debug\Application.obj
         Debug\Camera.obj
         Debug\Camera2.obj
         Debug\LoadOBJ.obj
         Debug\LoadTGA.obj
         Debug\main.obj
         Debug\Mesh.obj
         Debug\MeshBuilder.obj
         Debug\SceneText.obj
         Debug\shader.obj
         Debug\Utility.obj
       Manifest:
         C:\Program Files (x86)\Microsoft SDKs\Windows\v7.0A\bin\mt.exe /nologo /verbose /out:"Debug\Application3.exe.embed.manifest" /manifest Debug\Application3.exe.intermediate.manifest
         All outputs are up-to-date.
       LinkEmbedManifest:
         All outputs are up-to-date.
         Application3.vcxproj -> C:\Users\L532\Desktop\Lab11_143426C_QuenRyuGuileTuraFiguracion\Debug\Application3.exe
       FinalizeBuildStatus:
         Deleting file "Debug\Application3.unsuccessfulbuild".
         Touching "Debug\Application3.lastbuildstate".
     1>Done Building Project "C:\Users\L532\Desktop\Lab11_143426C_QuenRyuGuileTuraFiguracion\Application3\Application3.vcxproj" (build target(s)).

Build succeeded.

Time Elapsed 00:00:01.08
